2853
2835
2813
2783
2751
2708
2658
2608
2545
2483
2417
2340
2258
2175
2091
2017
1936
1858
1791
1722
1659
1607
1555
1515
1475
1442
1417
1394
1376
1360
1347
1337
1327
1318
1308
1297
1288
1279
1276
1284
1315
1370
1451
1558
1704
1871
2035
2207
2402
2598
2769
2934
3089
3246
3385
3494
3585
3659
3721
3762
3783
3788
3782
3758
3724
3679
3630
3566
3494
3418
3332
3255
3182
3107
3048
2991
2943
2909
2878
2856
2839
2824
2811
2800
2785
2770
2749
2725
2697
2659
2618
2572
2513
2456
2387
2313
2245
2175
2096
2018
1950
1877
1815
1750
1697
1644
1597
1561
1526
1500
1477
1459
1447
1438
1432
1428
1425
1422
1418
1414
1408
1401
1392
1384
1382
1390
1415
1471
1559
1664
1788
1946
2119
2282
2449
2616
2797
2953
3099
3233
3365
3478
3562
3629
3679
3716
3734
3736
3727
3703
3664
3619
3559
3497
3431
3354
3284
3209
3140
3082
3026
2978
2942
2909
2883
2865
2849
2836
2822
2808
2794
2775
2753
2728
2695
2659
2619
2567
2516
2460
2394
2331
2259
2193
2126
2060
1989
1928
1863
1808
1753
1702
1662
1623
1592
1564
1543
1524
1509
1498
1491
1485
1481
1478
1475
1472
1468
1463
1456
1448
1437
1423
1411
1404
1408
1434
1485
1561
1663
1803
1964
2122
2289
2480
2671
2840
3001
3154
3309
3447
3556
3648
3723
3787
3832
3857
3865
3861
3841
3812
3767
3710
3652
3580
3504
3434
3358
3292
3231
3170
3121
3074
3035
3006
2980
2958
2940
2922
2906
2889
2867
2845
2816
2781
2746
2705
2659
2603
2548
2490
2422
2358
2293
2221
2157
2095
2029
1973
1920
1867
1823
1781
1747
1718
1691
1672
1656
1643
1634
1628
1625
1623
1621
1620
1619
1616
1612
1605
1597
1585
1573
1559
1549
1549
1566
1608
1669
1750
1862
1992
2120
2256
2396
2551
2702
2832
2954
3065
3173
3265
3333
3387
3427
3456
3469
3470
3463
3446
3416
3382
3341
3294
3243
3184
3130
3077
3021
2974
2926
2888
2854
2822
2797
2774
2754
2737
2720
2704
2688
2668
2648
2622
2593
2564
2528
2492
2454
2408
2365
2320
2269
2223
2172
2127
2079
2038
1999
1959
1927
1897
1867
1844
1823
1804
1789
1776
1765
1757
1750
1743
1737
1731
1724
1717
1707
1696
1683
1667
1651
1630
1607
1588
1572
1568
1579
1615
1676
1752
1843
1948
2076
2211
2336
2460
2580
2706
2810
2903
2985
3062
3122
3163
3192
3212
3218
3215
3203
3183
3158
3123
3086
3040
2992
2946
2896
2847
2805
2763
2728
2698
2669
2648
2630
2614
2603
2592
2582
2573
2563
2552
2539
2523
2506
2484
2460
2436
2407
2379
2351
2318
2289
2260
2229
2199
2175
2149
2128
2109
2090
2074
2060
2045
2032
2019
2007
1997
1985
1972
1961
1954
1952
1959
1976
2005
2051
2111
2175
2246
2322
2411
2491
2570
2645
2723
2792
2846
2891
2932
2962
2980
2990
2993
2988
2976
2960
2938
2908
2872
2836
2797
2753
2713
2675
2636
2604
2573
2549
2530
2514
2502
2494
2489
2484
2480
2475
2469
2461
2450
2437
2421
2399
2374
2348
2315
2281
2248
2211
2173
2139
2106
2071
2042
2012
1986
1965
1944
1928
1915
1902
1891
1881
1873
1864
1856
1850
1845
1845
1853
1875
1911
1957
2015
2093
2181
2267
2357
2449
2550
2638
2721
2797
2872
2936
2984
3022
3048
3071
3084
3089
3088
3081
3069
3050
3028
2999
2967
2936
2901
2868
2836
2801
2772
2745
2718
2697
2677
2660
2648
2635
2625
2616
2605
2595
2583
2570
2555
2535
2515
2493
2465
2438
2406
2372
2341
2305
2274
2243
2212
2180
2152
2125
2097
2073
2047
2023
2001
1978
1957
1937
1916
1899
1883
1876
1878
1893
1923
1962
2012
2080
2157
2232
2311
2393
2474
2561
2636
2705
2769
2830
2883
2923
2957
2986
3009
3023
3033
3038
3038
3033
3023
3008
2991
2972
2948
2925
2899
2877
2854
2834
2817
2799
2785
2771
2759
2748
2736
2723
2708
2693
2674
2653
2632
2607
2582
2552
2521
2491
2458
2427
2393
2359
2329
2297
2266
2240
2216
2190
2166
2144
2124
2105
2087
2070
2053
2039
2026
2014
2008
2008
2017
2036
2070
2119
2180
2252
2332
2410
2490
2571
2660
2745
2824
2889
2953
3001
3047
3079
3104
3123
3134
3139
3138
3133
3121
3102
3077
3049
3015
2983
2945
2906
2873
2838
2806
2780
2754
2731
2714
2697
2683
2668
2653
2640
2623
2605
2588
2565
2540
2515
2485
2453
2422
2386
2348
2314
2277
2244
2208
2174
2142
2113
2086
2063
2042
2026
2012
1999
1988
1980
1973
1967
1961
1956
1950
1944
1936
1928
1916
1902
1887
1870
1856
1845
1840
1845
1864
1895
1940
2005
2085
2166
2254
2358
2465
2561
2654
2742
2832
2912
2981
3038
3083
3117
3140
3152
3158
3156
3148
3134
3111
3082
3051
3014
2979
2942
2906
2866
2829
2798
2768
2743
2719
2698
2681
2663
2647
2632
2616
2600
2580
2558
2536
2508
2477
2447
2411
2372
2336
2294
2252
2213
2171
2134
2095
2061
2026
1994
1964
1938
1914
1894
1876
1860
1846
1834
1824
1814
1806
1797
1789
1781
1772
1764
1755
1747
1738
1727
1716
1705
1690
1673
1657
1637
1617
1594
1571
1552
1539
1540
1560
1596
1650
1731
1830
1932
2044
2164
2302
2442
2566
2686
2810
2924
3015
3096
3171
3233
3280
3315
3337
3350
3356
3353
3343
3326
3304
3274
3242
3207
3164
3124
3080
3035
2997
2960
2925
2890
2860
2833
2805
2782
2760
2737
2715
2690
2666
2637
2610
2578
2546
2509
2474
2434
2396
2353
2313
2270
2231
2188
2151
2111
2078
2046
2014
1987
1962
1936
1915
1896
1877
1861
1845
1832
1820
1807
1795
1784
1772
1760
1749
1737
1725
1713
1701
1689
1676
1664
1650
1635
1622
1606
1592
1575
1557
1540
1521
1504
1488
1478
1478
1494
1531
1582
1650
1733
1840
1961
2078
2200
2338
2474
2593
2706
2821
2924
3006
3076
3135
3187
3223
3249
3267
3276
3278
3273
3262
3245
3220
3192
3161
3123
3086
3045
3007
2971
2932
2899
2866
2838
2812
2786
2764
2744
2723
2703
2682
2660
2639
2615
2591
2565
2535
2506
2475
2439
2405
2366
2330
2295
2256
2221
2184
2152
2121
2088
2061
2032
2008
1986
1964
1946
1929
1911
1896
1882
1867
1855
1842
1829
1819
1808
1798
1787
1777
1767
1757
1747
1736
1725
1712
1698
1685
1669
1651
1635
1618
1607
1603
1609
1630
1672
1732
1801
1884
1978
2093
2216
2331
2447
2562
2685
2800
2895
2981
3065
3135
3188
3230
3265
3287
3301
3307
3306
3298
3284
3264
3239
3205
3171
3135
3094
3056
3016
2983
2951
2920
2895
2872
2853
2837
2822
2809
2797
2784
2771
2757
2742
2727
2708
2689
2669
2643
2618
2590
2558
2527
2492
2459
2427
2391
2358
2327
2293
2264
2233
2207
2183
2158
2137
2118
2099
2083
2068
2056
2045
2035
2027
2019
2011
2004
1996
1987
1979
1970
1961
1953
1946
1941
1943
1953
1974
2009
2051
2104
2167
2248
2330
2419
2512
2620
2729
2826
2920
3009
3101
3177
3245
3305
3362
3409
3445
3472
3490
3499
3500
3494
3479
3458
3432
3397
3361
3317
3276
3233
3185
3142
3101
3057
3020
2982
2950
2920
2889
2863
2835
2810
2785
2756
2729
2699
2669
2639
2603
2569
2533
2492
2454
2411
2366
2326
2283
2240
2203
2166
2128
2095
2062
2034
2008
1981
1960
1940
1921
1905
1888
1875
1862
1848
1837
1824
1812
1801
1790
1784
1784
1792
1810
1840
1888
1944
2011
2089
2177
2283
2395
2500
2605
2708
2819
2912
2998
3075
3150
3211
3255
3289
3314
3326
3327
3318
3298
3271
3232
3190
3143
3087
3034
2975
2922
2871
2819
2775
2736
2702
2672
2643
2621
2602
2586
2570
2554
2539
2524
2505
2486
2462
2439
2412
2380
2349
2312
2272
2235
2192
2152
2108
2063
2024
1986
1945
1910
1878
1845
1818
1795
1772
1754
1739
1726
1716
1707
1700
1694
1689
1684
1678
1674
1671
1671
1678
1691
1714
1747
1799
1857
1926
2006
2104
2210
2309
2411
2524
2633
2727
2815
2904
2981
3040
3090
3129
3160
3180
3188
3186
3175
3156
3127
3093
3048
3003
2955
2898
2847
2797
2743
2697
2651
2613
2581
2549
2525
2502
2482
2466
2449
2433
2418
2401
2385
2367
2345
2322
2297
2266
2236
2201
2166
2130
2089
2050
2011
1972
1929
1892
1856
1817
1785
1751
1720
1695
1671
1651
1635
1619
1607
1596
1587
1580
1573
1567
1561
1554
1548
1542
1539
1542
1556
1583
1621
1672
1743
1828
1915
2008
2107
2221
2335
2437
2535
2637
2732
2808
2875
2933
2986
3026
3053
3071
3080
3082
3077
3065
3045
3020
2988
2954
2916
2872
2831
2785
2740
2701
2660
2626
2594
2562
2537
2511
2488
2469
2450
2431
2414
2396
2379
2361
2340
2319
2295
2270
2246
2217
2191
2163
2131
2101
2069
2039
2007
1978
1947
1920
1892
1865
1843
1821
1801
1785
1769
1756
1744
1733
1723
1714
1706
1699
1692
1686
1682
1684
1695
1714
1744
1785
1844
1907
1979
2057
2148
2243
2328
2412
2491
2573
2640
2700
2751
2798
2835
2859
2875
2884
2886
2882
2872
2855
2836
2810
2780
2750
2715
2682
2649
2613
2582
2550
2520
2497
2473
2453
2438
2423
2410
2400
2389
2381
2372
2361
2350
2338
2324
2307
2289
2272
2251
2229
2208
2183
2158
2133
2109
2083
2060
2035
2011
1990
1968
1949
1930
1914
1900
1887
1876
1867
1859
1851
1844
1838
1832
1826
1822
1819
1823
1833
1852
1885
1927
1979
2040
2117
2202
2282
2364
2445
2533
2615
2684
2746
2806
2856
2892
2921
2943
2956
2961
2959
2950
2936
2916
2893
2867
2834
2801
2767
2729
2694
2662
2627
2599
2574
2551
2532
2516
2502
2493
2483
2476
2468
2461
2453
2443
2432
2418
2405
2388
2369
2348
2326
2302
2277
2251
2224
2196
2171
2144
2118
2095
2072
2049
2031
2012
1996
1980
1967
1955
1946
1937
1931
1925
1920
1915
1909
1904
1898
1893
1888
1885
1887
1899
1919
1950
1998
2059
2124
2196
2275
2367
2461
2546
2628
2715
2794
2858
2914
2961
3000
3030
3053
3067
3072
3070
3061
3046
3027
3000
2969
2939
2906
2868
2833
2799
2763
2732
2701
2677
2655
2634
2619
2605
2594
2585
2576
2568
2560
2551
2539
2527
2512
2495
2477
2456
2434
2413
2387
2360
2331
2302
2272
2245
2215
2188
2159
2131
2107
2081
2060
2037
2017
2001
1984
1971
1959
1948
1940
1932
1925
1918
1912
1906
1899
1892
1885
1877
1871
1866
1868
1879
1901
1940
1989
2050
2123
2214
2314
2409
2507
2615
2721
2813
2898
2977
3047
3114
3169
3213
3245
3267
3279
3282
3278
3266
3249
3224
3196
3164
3124
3086
3046
3002
2962
2921
2885
2853
2821
2795
2773
2752
2736
2720
2708
2697
2684
2673
2659
2645
2629
2610
2591
2569
2543
2517
2489
2455
2420
2382
2344
2305
2270
2231
2196
2159
2124
2093
2062
2035
2009
1985
1966
1948
1933
1921
1911
1904
1899
1894
1890
1887
1885
1882
1879
1877
1876
1878
1886
1906
1940
1983
2038
2112
2199
2284
2376
2471
2558
2667
2773
2864
2949
3036
3112
3171
3221
3265
3295
3316
3329
3334
3331
3319
3300
3276
3246
3211
3167
3124
3076
3027
2984
2939
2898
2864
2831
2803
2781
2761
2745
2730
2716
2703
2690
2675
2659
2641
2620
2599
2573
2548
2520
2487
2456
2423
2385
2347
2312
2278
2245
2210
2180
2152
2124
2101
2080
2059
2043
2026
2013
2000
1987
1976
1962
1948
1934
1917
1900
1879
1857
1836
1814
1798
1791
1796
1816
1858
1920
1992
2077
2173
2291
2416
2531
2648
2761
2882
2984
3076
3158
3236
3294
3340
3373
3397
3407
3407
3400
3381
3352
3318
3273
3228
3179
3124
3074
3025
2980
2939
2899
2869
2843
2821
2805
2791
2780
2772
2763
2755
2744
2732
2716
2698
2677
2649
2620
2587
2548
2509
2464
2421
2378
2331
2289
2244
2205
2166
2133
2104
2075
2053
2033
2013
1998
1984
1969
1956
1943
1928
1913
1896
1881
1869
1863
1866
1880
1909
1958
2024
2096
2178
2270
2379
2482
2587
2691
2803
2908
2995
3074
3143
3207
3253
3288
3312
3327
3329
3321
3302
3277
3244
3200
3155
3102
3047
2998
2945
2900
2859
2818
2786
2755
2728
2708
2689
2673
2659
2645
2631
2615
2600
2583
2562
2541
2517
2493
2467
2437
2408
2378
2343
2311
2274
2241
2207
2173
2136
2098
2065
2028
1997
1966
1933
1905
1879
1852
1831
1810
1796
1786
1783
1790
1807
1836
1883
1946
2015
2093
2189
2293
2402
2502
2601
2709
2811
2897
2976
3047
3115
3172
3213
3246
3272
3288
3295
3294
3286
3268
3243
3214
3175
3136
3093
3044
2998
2947
2902
2858
2813
2776
2742
2709
2684
2660
2641
2625
2609
2597
2584
2571
2558
2543
2527
2510
2488
2465
2437
2406
2375
2338
2299
2262
2218
2178
2138
2093
2053
2015
1974
1940
1909
1879
1855
1832
1816
1802
1790
1781
1774
1770
1767
1768
1775
1788
1810
1847
1897
1955
2024
2102
2201
2297
2399
2504
2623
2729
2831
2928
3027
3116
3186
3247
3297
3336
3366
3387
3396
3395
3387
3367
3341
3303
3257
3211
3156
3105
3049
3000
2953
2906
2868
2835
2804
2780
2758
2740
2726
2712
2700
2687
2670
2653
2634
2608
2582
2549
2511
2475
2431
2390
2346
2298
2253
2205
2157
2116
2077
2037
2004
1971
1945
1921
1898
1879
1862
1846
1831
1818
1803
1790
1777
1761
1747
1732
1720
1713
1712
1721
1743
1779
1838
1914
1997
2091
2194
2318
2447
2565
2681
2806
2924
3021
3108
3186
3258
3318
3360
3391
3415
3428
3430
3423
3409
3384
3354
3314
3274
3230
3178
3131
3079
3028
2984
2938
2900
2860
2827
2797
2765
2738
2709
2683
2655
2629
2600
2569
2540
2506
2474
2436
2400
2359
2321
2278
2239
2196
2157
2115
2078
2041
2003
1970
1939
1907
1880
1855
1830
1809
1790
1770
1754
1739
1723
1710
1695
1682
1670
1656
1643
1631
1616
1602
1588
1571
1554
1535
1518
1501
1485
1477
1479
1498
1537
1591
1662
1749
1852
1983
2112
2250
2392
2553
2697
2837
2971
3110
3236
3336
3433
3513
3577
3624
3656
3674
3679
3675
3661
3639
3605
3566
3516
3465
3411
3348
3290
3226
3162
3108
3051
2998
2954
2910
2874
2837
2804
2775
2746
2720
2691
2665
2635
2606
2573
2540
2502
2466
2423
2383
2336
2293
2244
2199
2148
2103
2058
2009
1966
1926
1882
1846
1808
1774
1746
1718
1696
1676
1656
1640
1625
1612
1601
1589
1580
1571
1562
1553
1544
1534
1524
1515
1503
1492
1481
1467
1453
1437
1421
1402
1384
1364
1347
1336
1337
1359
1405
1468
1542
1644
1778
1930
2079
2235
2397
2579
2759
2916
3067
3223
3364
3477
3575
3658
3733
3789
3829
3852
3860
3856
3840
3814
3780
3733
3683
3628
3568
3505
3434
3370
3299
3238
3180
3120
3070
3024
2978
2941
2902
2867
2838
2807
2779
2752
2720
2690
2655
2622
2586
2543
2502
2453
2401
2353
2297
2247
2195
2143
2086
2035
1986
1932
1886
1842
1797
1759
1724
1689
1660
1632
1610
1590
1570
1555
1542
1529
1519
1509
1498
1489
1479
1468
1458
1446
1435
1423
1410
1395
1381
1365
1349
1334
1316
1299
1280
1260
1241
1220
1204
1194
1196
1218
1263
1343
1440
1559
1698
1869
2056
2231
2410
2590
2787
2976
3137
3286
3437
3571
3676
3764
3837
3894
3938
3965
3975
3973
3958
3932
3896
3846
3793
3727
3655
3587
3511
3435
3369
3299
3240
3185
3129
3084
3044
3003
2971
2937
2909
2878
2848
2821
2789
2755
2722
2683
2640
2599
2550
2498
2448
2391
2331
2275
2213
2156
2099
2037
1982
1928
1871
1822
1771
1724
1685
1647
1616
1589
1564
1545
1530
1516
1506
1499
1493
1487
1483
1479
1475
1470
1464
1458
1450
1439
1427
1414
1397
1378
1359
1340
1314
1285
1257
1225
1192
1166
1147
1146
1168
1225
1317
1428
1561
1731
1919
2098
2284
2471
2678
2878
3049
3210
3357
3504
3621
3722
3806
3874
3930
3967
3985
3990
3983
3961
3929
3882
3830
3771
3700
3632
3562
3486
3419
3348
3289
3234
3179
3135
3091
3056
3025
2992
2965
2936
2907
2881
2850
2821
2790
2752
2714
2669
2620
2572
2515
2455
2398
2334
2274
2214
2154
2087
2027
1969
1906
1853
1802
1749
1705
1665
1625
1594
1567
1541
1522
1504
1490
1479
1468
1460
1451
1443
1435
1426
1418
1411
1409
1416
1437
1478
1547
1630
1731
1848
1993
2152
2301
2455
2626
2796
2944
3084
3229
3360
3464
3554
3629
3694
3740
3767
3779
3779
3767
3742
3700
3651
3593
3519
3446
3361
3274
3198
3117
3042
2981
2921
2875
2836
2801
2774
2751
2734
2721
2708
2698
2687
2673
2658
2638
2616
2591
2558
2523
2485
2437
2389
2331
2276
2217
2157
2087
2024
1962
1893
1832
1767
1705
1653
1601
1558
1520
1483
1456
1433
1412
1398
1387
1379
1375
1373
1372
1371
1370
1369
1367
1366
1371
1384
1411
1455
1529
1615
1720
1841
1974
2135
2288
2445
2604
2743
2914
3076
3211
3336
3447
3553
3632
3696
3745
3779
3798
3801
3792
3767
3726
3678
3613
3539
3466
3381
3304
3228
3146
3078
3009
2949
2903
2859
2826
2799
2774
2756
2739
2723
2710
2694
2678
2660
2636
2610
2577
2542
2503
2455
2407
2350
2288
2230
2163
2102
2040
1971
1910
1850
1787
1733
1677
1626
1584
1543
1511
1484
1458
1440
1426
1414
1406
1401
1399
1399
1400
1402
1404
1406
1408
1408
1407
1404
1399
1392
1382
1370
1359
1352
1356
1378
1428
1498
1592
1707
1855
2022
2182
2350
2520
2710
2896
3057
3208
3334
3478
3604
3703
3794
3866
3919
3954
3971
3972
3958
3930
3893
3841
3778
3714
3637
3565
3492
3411
3341
3268
3207
3151
3096
3053
3012
2977
2949
2923
2901
2880
2857
2836
2811
2784
2756
2722
2687
2649
2602
2555
2505
2445
2389
2324
2257
2189
2128
2067
2001
1944
1883
1831
1783
1733
1693
1658
1623
1596
1574
1553
1538
1525
1516
1509
1504
1501
1498
1496
1494
1491
1488
1484
1478
1472
1464
1455
1443
1429
1414
1396
1377
1362
1352
1356
1383
1438
1514
1611
1744
1897
2049
2210
2378
2568
2758
2925
3084
3235
3374
3501
3614
3713
3796
3870
3920
3954
3974
3979
3972
3948
3910
3865
3804
3735
3667
3589
3517
3446
3370
3305
3245
3185
3136
3090
3053
3021
2990
2966
2941
2917
2896
2872
2849
2823
2792
2760
2724
2680
2636
2583
2526
2472
2408
2349
2288
2220
2151
2089
2029
1965
1909
1851
1796
1751
1705
1668
1636
1604
1580
1560
1542
1529
1518
1510
1503
1498
1494
1491
1488
1485
1482
1478
1472
1466
1458
1447
1435
1419
1403
1383
1364
1349
1344
1355
1387
1453
1549
1657
1785
1927
2100
2282
2452
2622
2810
2973
3129
3275
3394
3529
3645
3733
3806
3862
3906
3932
3941
3936
3916
3886
3841
3785
3726
3655
3579
3509
3432
3365
3302
3237
3184
3136
3090
3054
3020
2994
2971
2947
2927
2906
2883
2861
2834
2807
2776
2738
2699
2656
2603
2551
2490
2431
2370
2300
2236
2164
2091
2028
1966
1900
1843
1785
1736
1692
1648
1614
1584
1556
1535
1518
1503
1493
1486
1481
1479
1478
1477
1475
1474
1471
1466
1460
1451
1441
1429
1418
1410
1413
1435
1482
1547
1633
1739
1876
2030
2179
2336
2515
2695
2854
3008
3155
3306
3443
3552
3647
3727
3796
3847
3876
3890
3891
3880
3853
3816
3768
3703
3638
3558
3475
3400
3318
3239
3173
3107
3053
3006
2961
2927
2895
2869
2848
2828
2809
2792
2773
2752
2731
2703
2675
2642
2601
2559
2507
2457
2403
2339
2279
2217
2154
2083
2019
1956
1889
1830
1775
1718
1670
1626
1583
1549
1520
1492
1471
1453
1440
1430
1423
1418
1415
1413
1411
1410
1408
1405
1402
1397
1390
1382
1370
1358
1342
1328
1321
1327
1356
1406
1479
1589
1724
1864
2017
2181
2371
2566
2741
2911
3092
3260
3399
3526
3639
3747
3828
3900
3951
3983
3997
3994
3977
3943
3900
3839
3775
3703
3616
3536
3445
3357
3281
3203
3139
3081
3026
2984
2948
2915
2890
2866
2845
2827
2808
2789
2769
2743
2717
2682
2642
2602
2551
2501
2446
2382
2320
2256
2183
2115
2047
1973
1907
1843
1775
1718
1664
1610
1566
1527
1489
1460
1432
1411
1395
1382
1374
1368
1365
1364
1365
1366
1368
1369
1369
1369
1368
1364
1359
1351
1340
1327
1312
1297
1287
1287
1307
1350
1418
1512
1644
1784
1940
2109
2307
2510
2693
2872
3042
3218
3364
3497
3616
3732
3829
3901
3956
3996
4020
4028
4018
3995
3958
3903
3843
3773
3688
3607
3515
3424
3345
3263
3195
3134
3074
3027
2983
2950
2922
2896
2875
2856
2836
2817
2794
2768
2741
2707
2672
2632
2582
2532
2471
2405
2342
2268
2199
2121
2050
1973
1904
1838
1768
1710
1650
1602
1560
1521
1492
1470
1452
1442
1438
1439
1445
1452
1462
1473
1484
1493
1501
1508
1511
1511
1507
1500
1490
1475
1460
1449
1448
1463
1500
1569
1668
1779
1908
2068
2242
2406
2573
2759
2941
3098
3246
3382
3518
3637
3726
3800
3856
3899
3920
3926
3914
3888
3849
3791
3727
3645
3563
3476
3376
3287
3193
3113
3041
2970
2916
2871
2830
2802
2778
2761
2749
2739
2732
2724
2715
2703
2688
2667
2643
2615
2577
2537
2487
2432
2378
2314
2253
2189
2125
2052
1988
1924
1855
1796
1741
1683
1635
1587
1549
1515
1482
1457
1436
1416
1400
1387
1375
1366
1360
1358
1365
1386
1425
1485
1577
1693
1815
1952
2118
2293
2457
2623
2787
2965
3134
3276
3406
3534
3643
3724
3788
3835
3869
3882
3879
3861
3830
3780
3723
3647
3562
3478
3381
3293
3207
3117
3042
2974
2908
2859
2813
2778
2754
2733
2720
2711
2704
2698
2690
2682
2669
2655
2634
2610
2579
2545
2502
2458
2405
2353
2292
2235
2170
2111
2052
1987
1929
1874
1815
1765
1717
1669
1628
1587
1553
1522
1491
1466
1443
1421
1406
1400
1410
1437
1485
1554
1655
1779
1906
2047
2215
2391
2553
2716
2876
3047
3208
3341
3461
3567
3665
3743
3794
3830
3848
3852
3842
3814
3769
3715
3644
3570
3489
3404
3316
3230
3146
3067
2995
2931
2874
2826
2785
2752
2726
2705
2688
2673
2659
2646
2631
2614
2594
2570
2542
2508
2470
2421
2367
2313
2256
2195
2131
2066
1999
1924
1857
1793
1730
1672
1617
1568
1523
1480
1446
1418
1392
1373
1359
1346
1338
1332
1329
1330
1340
1361
1405
1473
1554
1654
1771
1918
2063
2217
2377
2560
2742
2903
3058
3204
3354
3488
3593
3682
3763
3819
3862
3887
3894
3889
3871
3842
3803
3755
3698
3636
3568
3498
3427
3356
3286
3220
3158
3100
3042
2990
2948
2910
2876
2845
2816
2788
2760
2732
2702
2671
2637
2600
2561
2513
2468
2419
2368
2316
2262
2206
2150
2094
2032
1978
1920
1871
1819
1777
1738
1699
1668
1637
1613
1592
1571
1554
1540
1527
1516
1509
1509
1519
1543
1583
1641
1716
1818
1937
2058
2188
2325
2466
2609
2750
2888
3019
3142
3265
3363
3455
3524
3583
3625
3649
3659
3659
3646
3622
3589
3547
3496
3440
3378
3314
3242
3177
3115
3056
3000
2950
2904
2863
2826
2794
2764
2735
2709
2685
2660
2635
2609
2580
2549
2515
2479
2435
2393
2349
2301
2252
2202
2150
2098
2045
1988
1932
1879
1828
1781
1738
1699
1668
1638
1612
1592
1575
1560
1549
1540
1535
1530
1527
1524
1522
1520
1517
1513
1506
1497
1488
1476
1462
1448
1436
1429
1434
1456
1496
1564
1656
1757
1873
2001
2156
2320
2470
2621
2785
2942
3074
3195
3304
3398
3478
3542
3592
3629
3650
3656
3650
3633
3606
3568
3523
3471
3413
3353
3283
3220
3159
3101
3047
2997
2952
2912
2876
2844
2816
2787
2763
2741
2718
2695
2670
2644
2615
2584
2549
2507
2466
2423
2376
2328
2278
2227
2176
2124
2072
2016
1962
1916
1867
1826
1785
1752
1719
1693
1671
1650
1634
1621
1609
1600
1594
1588
1583
1580
1576
1573
1569
1564
1558
1551
1542
1531
1518
1503
1484
1466
1449
1434
1430
1442
1477
1528
1598
1697
1815
1935
2051
2189
2348
2509
2653
2793
2926
3062
3173
3272
3358
3436
3497
3538
3565
3581
3585
3578
3557
3529
3491
3446
3395
3340
3281
3221
3162
3103
3047
2995
2947
2904
2865
2831
2802
2775
2752
2730
2709
2687
2666
2643
2618
2591
2561
2525
2489
2451
2410
2367
2323
2276
2229
2180
2131
2082
2029
1982
1933
1891
1851
1811
1777
1744
1718
1694
1674
1657
1642
1630
1619
1611
1604
1597
1592
1587
1581
1576
1570
1563
1554
1544
1533
1520
1504
1487
1466
1448
1433
1426
1432
1457
1502
1577
1665
1769
1888
2034
2190
2337
2468
2616
2775
2925
3051
3166
3279
3374
3445
3502
3549
3580
3595
3598
3591
3573
3545
3504
3459
3401
3344
3284
3216
3155
3089
3033
2975
2928
2881
2844
2811
2782
2757
2734
2712
2692
2671
2649
2627
2602
2574
2543
2509
2472
2430
2385
2336
2283
2227
2169
2109
2047
1977
1908
1847
1788
1724
1671
1620
1569
1527
1490
1453
1425
1398
1377
1360
1345
1334
1325
1318
1312
1307
1303
1299
1295
1290
1285
1278
1270
1259
1245
1230
1210
1189
1164
1138
1119
1109
1122
1163
1236
1341
1491
1669
1848
2038
2258
2479
2697
2885
3062
3227
3391
3521
3633
3726
3799
3854
3890
3910
3912
3901
3873
3836
3782
3716
3650
3569
3483
3405
3319
3244
3174
3103
3046
2996
2948
2911
2877
2850
2829
2808
2792
2776
2757
2738
2713
2685
2655
2616
2572
2526
2471
2415
2356
2285
2218
2149
2077
1997
1924
1853
1776
1710
1648
1584
1532
1486
1440
1406
1377
1352
1334
1320
1311
1307
1305
1307
1310
1316
1321
1326
1331
1336
1338
1338
1336
1331
1322
1309
1295
1279
1267
1266
1287
1334
1412
1534
1691
1854
2033
2244
2461
2655
2842
3020
3205
3372
3508
3615
3721
3810
3881
3939
3972
3991
3992
3978
3951
3912
3857
3796
3720
3645
3565
3475
3395
3309
3229
3163
3097
3046
3002
2962
2932
2905
2883
2865
2850
2832
2815
2794
2773
2747
2714
2679
2639
2588
2537
2474
2414
2349
2274
2204
2124
2052
1981
1902
1827
1762
1695
1640
1590
1542
1504
1469
1443
1423
1406
1396
1390
1387
1388
1391
1396
1402
1408
1415
1420
1425
1428
1428
1426
1420
1412
1401
1387
1371
1356
1351
1364
1406
1475
1573
1697
1861
2045
2223
2407
2614
2817
2991
3156
3324
3476
3597
3704
3795
3869
3920
3965
3988
3996
3988
3963
3928
3876
3812
3745
3662
3574
3492
3401
3313
3239
3163
3096
3044
2994
2957
2927
2900
2880
2863
2846
2831
2814
2794
2773
2746
2712
2677
2631
2583
2530
2464
2399
2322
2248
2171
2092
2003
1922
1843
1756
1681
1609
1535
1472
1415
1359
1314
1270
1237
1207
1185
1165
1151
1141
1134
1129
1125
1122
1119
1114
1108
1098
1086
1070
1052
1029
1007
0992
0992
1024
1090
1195
1358
1562
1769
1989
2214
2461
2676
2880
3069
3244
3419
3572
3706
3820
3914
3984
4042
4080
4097
4096
4075
4041
3987
3923
3839
3743
3649
3540
3441
3344
3243
3161
3088
3020
2970
2927
2898
2877
2861
2850
2841
2832
2822
2808
2790
2763
2729
2690
2639
2585
2524
2449
2375
2286
2193
2106
2007
1918
1829
1733
1650
1561
1487
1410
1347
1285
1231
1190
1152
1123
1103
1089
1081
1078
1079
1084
1091
1099
1109
1119
1127
1135
1139
1141
1139
1134
1124
1114
1109
1119
1153
1220
1340
1507
1690
1892
2105
2345
2582
2786
2978
3176
3355
3499
3626
3738
3845
3926
3994
4048
4089
4118
4127
4122
4102
4063
4006
3941
3857
3772
3682
3599
3496
3398
3315
3233
3168
3114
3063
3027
2996
2970
2952
2934
2918
2901
2879
2855
2826
2786
2743
2687
2623
2558
2479
2394
2312
2218
2131
2042
1942
1854
1768
1675
1596
1521
1445
1382
1321
1272
1226
1188
1161
1137
1123
1112
1107
1107
1110
1115
1122
1130
1138
1146
1151
1154
1155
1152
1145
1135
1119
1104
1090
1084
1097
1146
1243
1372
1537
1751
1986
2204
2421
2634
2858
3067
3239
3396
3536
3673
3790
3880
3956
4019
4069
4107
4134
4142
4136
4113
4072
4021
3958
3876
3794
3708
3610
3523
3430
3354
3285
3230
3177
3127
3090
3056
3027
3005
2981
2959
2936
2907
2876
2836
2793
2745
2683
2620
2552
2469
2389
2296
2209
2120
2020
1931
1832
1747
1664
1577
1503
1428
1367
1312
1260
1219
1182
1156
1134
1120
1111
1107
1107
1109
1114
1119
1124
1129
1132
1133
1130
1124
1114
1103
1090
1085
1092
1123
1188
1304
1448
1623
1822
2057
2299
2513
2721
2918
3121
3288
3440
3574
3706
3818
3903
3975
4033
4081
4109
4122
4121
4106
4075
4023
3962
3890
3809
3722
3621
3530
3432
3341
3266
3193
3136
3088
3044
3012
2982
2956
2935
2917
2896
2869
2841
2808
2769
2724
2665
2606
2532
2452
2374
2282
2187
2099
1999
1909
1811
1724
1632
1553
1478
1402
1339
1277
1227
1185
1146
1117
1093
1077
1066
1060
1059
1060
1064
1069
1074
1079
1083
1085
1084
1079
1071
1058
1044
1032
1030
1047
1091
1170
1286
1459
1669
1878
2096
2317
2558
2766
2962
3144
3328
3491
3621
3735
3833
3917
3987
4044
4088
4117
4130
4129
4109
4070
4014
3950
3866
3783
3694
3594
3504
3409
3321
3250
3182
3124
3080
3041
3009
2985
2962
2942
2922
2898
2874
2844
2806
2764
2710
2655
2586
2508
2433
2344
2250
2162
2063
1973
1883
1795
1699
1617
1539
1458
1391
1331
1271
1225
1186
1151
1126
1106
1094
1086
1082
1082
1085
1089
1094
1098
1101
1101
1099
1094
1085
1076
1069
1071
1091
1138
1230
1367
1525
1711
1915
2153
2369
2581
2785
2978
3176
3355
3499
3627
3739
3845
3934
3999
4049
4088
4105
4107
4093
4059
4014
3948
3878
3799
3705
3616
3518
3423
3343
3262
3197
3141
3089
3050
3014
2985
2962
2939
2919
2897
2870
2842
2810
2766
2721
2662
2603
2538
2459
2383
2293
2209
2122
2024
1936
1839
1754
1673
1587
1514
1447
1380
1325
1278
1233
1199
1172
1149
1134
1124
1118
1115
1115
1117
1119
1122
1123
1123
1120
1113
1104
1093
1082
1077
1084
1114
1176
1287
1442
1615
1811
2021
2262
2500
2708
2905
3089
3277
3429
3565
3685
3800
3897
3976
4040
4087
4117
4129
4126
4105
4066
4010
3947
3866
3785
3699
3601
3514
3422
3345
3275
3207
3154
3104
3062
3031
3002
2979
2956
2931
2907
2876
2844
2802
2754
2705
2642
2580
2505
2431
2345
2253
2169
2072
1985
1889
1804
1712
1633
1559
1481
1417
1359
1302
1257
1218
1182
1157
1137
1122
1113
1108
1106
1107
1109
1112
1114
1116
1115
1112
1106
1097
1087
1077
1072
1084
1119
1184
1286
1440
1612
1806
2015
2254
2493
2700
2898
3082
3270
3439
3573
3692
3806
3901
3972
4028
4070
4097
4106
4102
4083
4044
3995
3926
3854
3774
3679
3592
3496
3404
3327
3250
3189
3135
3085
3047
3015
2988
2963
2938
2915
2888
2862
2828
2794
2750
2704
2646
2589
2518
2450
2369
2292
2203
2122
2030
1948
1858
1780
1706
1629
1565
1500
1443
1399
1357
1326
1301
1280
1265
1255
1249
1244
1241
1238
1236
1233
1230
1229
1232
1247
1286
1356
1450
1570
1733
1919
2101
2291
2485
2698
2903
3076
3238
3401
3547
3663
3762
3845
3916
3963
3993
4007
4005
3988
3952
3901
3841
3763
3673
3586
3484
3392
3303
3208
3131
3054
2995
2939
2899
2862
2833
2813
2796
2781
2766
2751
2733
2711
2684
2652
2613
2567
2515
2456
2391
2321
2245
2167
2085
1992
1900
1809
1721
1645
1574
1501
1441
1388
1337
1298
1266
1238
1220
1207
1199
1195
1196
1198
1201
1205
1208
1209
1209
1207
1204
1203
1211
1237
1293
1374
1484
1623
1804
2008
2225
2424
2622
2814
3016
3185
3340
3480
3618
3737
3827
3900
3961
4000
4018
4020
4010
3982
3942
3884
3812
3738
3648
3563
3468
3384
3295
3214
3149
3087
3034
2994
2962
2932
2908
2889
2872
2855
2837
2817
2792
2763
2729
2688
2641
2587
2527
2461
2381
2304
2224
2141
2057
1972
1888
1807
1729
1656
1581
1514
1456
1410
1372
1339
1316
1297
1286
1280
1278
1279
1281
1284
1287
1290
1293
1297
1307
1331
1370
1434
1524
1654
1795
1954
2126
2328
2535
2720
2899
3087
3261
3404
3534
3648
3755
3841
3901
3943
3970
3980
3978
3963
3929
3881
3825
3751
3676
3586
3491
3406
3323
3245
3172
3107
3049
2999
2956
2921
2890
2864
2842
2820
2800
2778
2755
2728
2696
2659
2617
2568
2514
2447
2381
2310
2235
2158
2078
1997
1916
1828
1743
1662
1587
1519
1457
1404
1362
1328
1296
1273
1255
1244
1237
1233
1232
1232
1232
1233
1232
1231
1231
1237
1257
1295
1358
1450
1584
1747
1913
2093
2304
2518
2708
2892
3066
3245
3408
3539
3655
3756
3848
3913
3962
3996
4012
4011
3995
3963
3922
3869
3807
3736
3658
3577
3494
3412
3333
3258
3190
3122
3068
3021
2977
2942
2912
2885
2860
2836
2811
2784
2755
2721
2682
2638
2588
2532
2470
2395
2322
2246
2166
2084
2000
1917
1825
1737
1652
1572
1499
1433
1374
1322
1279
1246
1220
1199
1184
1174
1168
1167
1167
1170
1174
1178
1180
1181
1180
1177
1170
1162
1154
1152
1164
1199
1265
1378
1529
1693
1877
2075
2303
2509
2710
2901
3100
3283
3431
3564
3681
3794
3887
3961
4010
4043
4060
4062
4046
4017
3968
3905
3838
3761
3679
3593
3505
3419
3337
3259
3189
3126
3071
3023
2981
2946
2914
2886
2860
2834
2809
2780
2747
2709
2665
2616
2561
2499
2432
2360
2282
2201
2117
2031
1944
1858
1774
1684
1598
1527
1461
1401
1343
1293
1250
1216
1189
1169
1154
1144
1137
1132
1129
1126
1122
1120
1120
1126
1145
1184
1260
1372
1503
1657
1852
2064
2263
2464
2685
2895
3073
3238
3389
3539
3658
3770
3852
3922
3967
3995
4003
3991
3965
3925
3871
3805
3728
3641
3548
3451
3355
3251
3164
3085
3015
2955
2904
2863
2829
2801
2779
2760
2741
2723
2703
2681
2653
2620
2579
2532
2477
2415
2346
2270
2189
2102
2012
1910
1816
1724
1642
1543
1449
1361
1280
1207
1144
1089
1048
1012
0984
0965
0953
0947
0945
0947
0951
0955
0960
0964
0967
0970
0973
0983
1009
1063
1143
1256
1420
1618
1819
2032
2250
2491
2723
2921
3105
3291
3458
3592
3709
3810
3897
3968
4030
4069
4092
4100
4090
4065
4020
3959
3891
3814
3728
3638
3546
3454
3366
3283
3207
3139
3079
3028
2984
2946
2914
2886
2859
2833
2806
2777
2743
2705
2660
2609
2551
2486
2406
2328
2244
2156
2063
1969
1873
1776
1671
1568
1471
1379
1295
1220
1153
1096
1048
1009
0979
0957
0943
0934
0930
0928
0929
0931
0932
0934
0937
0942
0957
0993
1050
1138
1276
1452
1637
1842
2057
2301
2518
2727
2925
3129
3314
3463
3596
3713
3824
3908
3982
4035
4065
4079
4077
4058
4019
3961
3895
3807
3708
3612
3513
3415
3320
3231
3150
3078
3017
2966
2924
2891
2864
2842
2823
2805
2788
2766
2742
2713
2678
2636
2587
2531
2467
2396
2319
2236
2149
2059
1966
1873
1781
1681
1585
1494
1411
1342
1280
1224
1175
1128
1088
1054
1027
1009
0994
0990
0998
1025
1077
1172
1306
1476
1674
1893
2125
2361
2571
2795
2985
3162
3307
3470
3600
3727
3824
3912
3974
4019
4046
4056
4047
4023
3983
3929
3860
3780
3690
3594
3494
3395
3299
3209
3128
3055
2987
2935
2893
2858
2829
2805
2784
2765
2745
2723
2697
2666
2629
2586
2535
2471
2406
2334
2257
2174
2088
1989
1898
1807
1717
1619
1526
1439
1359
1286
1223
1168
1123
1090
1063
1043
1029
1018
1012
1009
1009
1009
1011
1016
1025
1046
1092
1162
1276
1411
1592
1799
2025
2236
2471
2677
2873
3058
3228
3383
3523
3660
3766
3867
3948
4009
4047
4070
4076
4066
4041
4002
3950
3887
3813
3740
3654
3564
3475
3388
3306
3230
3161
3099
3045
2998
2957
2920
2888
2858
2828
2798
2767
2732
2689
2645
2595
2539
2478
2411
2338
2261
2180
2096
2010
1913
1827
1742
1652
1567
1488
1417
1355
1300
1255
1218
1189
1166
1150
1139
1132
1128
1125
1123
1122
1123
1127
1140
1173
1233
1317
1441
1579
1738
1934
2143
2338
2534
2727
2912
3086
3248
3396
3529
3646
3745
3827
3896
3943
3968
3976
3972
3952
3919
3872
3813
3744
3666
3573
3488
3403
3321
3244
3173
3110
3054
3005
2964
2928
2897
2870
2845
2821
2797
2768
2739
2705
2667
2624
2575
2520
2459
2393
2322
2247
2160
2080
2000
1920
1842
1760
1683
1612
1549
1493
1445
1404
1374
1348
1327
1308
1294
1285
1278
1278
1287
1311
1361
1442
1541
1661
1802
1957
2125
2321
2501
2701
2896
3081
3236
3379
3520
3642
3733
3808
3865
3909
3932
3939
3931
3907
3872
3824
3766
3698
3613
3531
3446
3361
3278
3199
3126
3060
3001
2949
2904
2865
2832
2803
2776
2751
2723
2696
2667
2634
2597
2555
2508
2454
2395
2330
2261
2187
2109
2029
1947
1866
1785
1698
1615
1537
1466
1402
1346
1302
1264
1229
1202
1181
1163
1147
1134
1123
1113
1106
1101
1102
1115
1151
1217
1307
1423
1563
1724
1901
2111
2306
2504
2719
2905
3080
3260
3422
3564
3673
3764
3843
3899
3931
3946
3945
3927
3895
3851
3795
3728
3652
3570
3484
3396
3310
3219
3143
3075
3014
2955
2909
2871
2837
2808
2783
2759
2732
2707
2679
2648
2613
2572
2524
2471
2412
2346
2267
2191
2111
2029
1945
1862
1779
1690
1605
1527
1455
1392
1337
1290
1251
1224
1202
1185
1172
1163
1158
1155
1154
1154
1156
1163
1179
1209
1260
1336
1440
1568
1718
1867
2046
2257
2472
2664
2851
3046
3228
3377
3511
3640
3748
3834
3892
3933
3957
3964
3956
3932
3893
3839
3773
3694
3607
3513
3416
3320
3227
3140
3061
2991
2930
2878
2835
2799
2769
2741
2718
2697
2676
2652
2626
2595
2558
2516
2467
2412
2351
2285
2204
2128
2048
1967
1884
1803
1722
1636
1555
1481
1413
1359
1312
1271
1233
1201
1176
1156
1141
1130
1122
1117
1117
1126
1153
1198
1268
1379
1522
1691
1862
2066
2259
2455
2670
2877
3054
3218
3384
3532
3661
3758
3838
3906
3952
3977
3986
3982
3964
3933
3889
3834
3760
3684
3603
3518
3433
3349
3269
3194
3125
3057
2997
2950
2910
2874
2842
2814
2786
2759
2730
2696
2661
2622
2577
2527
2472
2410
2343
2271
2194
2104
2021
1936
1852
1768
1677
1590
1508
1433
1364
1304
1251
1206
1172
1145
1123
1103
1089
1079
1071
1064
1058
1052
1046
1042
1043
1055
1091
1159
1251
1371
1518
1687
1872
2091
2296
2523
2743
2932
3110
3290
3452
3580
3690
3780
3858
3912
3941
3953
3949
3929
3895
3847
3786
3713
3631
3542
3450
3356
3265
3178
3097
3024
2960
2904
2857
2817
2783
2754
2725
2701
2676
2650
2620
2586
2547
2495
2442
2383
2316
2243
2165
2082
1995
1896
1806
1716
1629
1544
1455
1372
1296
1235
1180
1131
1085
1046
1013
0986
0966
0951
0944
0946
0966
1013
1085
1187
1319
1477
1657
1852
2058
2293
2503
2729
2943
3123
3305
3466
3606
3712
3806
3876
3919
3945
3950
3939
3912
3868
3810
3737
3651
3544
3441
3335
3228
3126
3029
2941
2864
2798
2743
2700
2665
2639
2618
2601
2585
2569
2551
2526
2498
2462
2419
2368
2309
2242
2167
2087
2002
1912
1820
1726
1632
1539
1438
1341
1249
1164
1093
1028
0963
0906
0859
0823
0806
0814
0851
0923
1031
1175
1349
1547
1763
2014
2244
2469
2710
2914
3123
3312
3464
3610
3730
3816
3881
3925
3948
3953
3938
3906
3856
3790
3708
3602
3496
3383
3268
3153
3043
2941
2849
2768
2701
2646
2603
2570
2546
2526
2513
2500
2487
2470
2449
2421
2386
2343
2285
2224
2155
2079
1997
1909
1818
1724
1628
1532
1437
1333
1233
1139
1051
0970
0904
0845
0796
0759
0741
0751
0798
0898
1048
1221
1421
1642
1876
2114
2376
2627
2841
3039
3241
3403
3562
3684
3796
3873
3933
3966
3979
3976
3954
3915
3857
3783
3695
3583
3474
3362
3251
3144
3045
2956
2880
2817
2767
2725
2698
2678
2664
2654
2645
2636
2624
2608
2586
2556
2518
2471
2416
2353
2282
2204
2119
2030
1938
1842
1746
1649
1553
1448
1347
1250
1160
1076
1001
0934
0885
0849
0834
0852
0908
1004
1138
1303
1494
1702
1921
2144
2365
2580
2783
2970
3157
3303
3440
3548
3623
3680
3713
3723
3715
3688
3649
3596
3531
3455
3370
3278
3171
3075
2980
2891
2810
2738
2676
2624
2582
2549
2521
2502
2486
2473
2460
2445
2427
2404
2376
2342
2305
2257
2201
2139
2070
1997
1919
1839
1758
1676
1596
1519
1436
1360
1289
1225
1167
1117
1074
1042
1017
1003
1007
1036
1104
1199
1341
1495
1688
1895
2110
2304
2492
2692
2876
3026
3158
3273
3367
3443
3499
3536
3557
3561
3551
3527
3490
3441
3381
3311
3233
3148
3060
2963
2878
2799
2728
2666
2615
2575
2545
2524
2510
2503
2500
2500
2500
2499
2496
2489
2476
2458
2432
2400
2361
2314
2262
2204
2141
2074
2004
1932
1860
1789
1711
1637
1566
1501
1440
1385
1334
1289
1248
1212
1181
1162
1155
1171
1216
1301
1410
1546
1719
1910
2090
2271
2449
2638
2797
2957
3083
3204
3293
3370
3425
3457
3472
3471
3452
3422
3373
3317
3251
3165
3070
2979
2885
2793
2705
2626
2556
2499
2453
2417
2395
2384
2381
2384
2391
2400
2407
2411
2411
2405
2391
2367
2337
2299
2252
2191
2120
2050
1966
1886
1804
1711
1620
1530
1445
1365
1292
1233
1176
1128
1088
1056
1033
1016
1006
1000
0997
0997
1000
1007
1022
1055
1121
1214
1355
1512
1712
1908
2135
2365
2568
2763
2965
3148
3293
3431
3534
3623
3681
3719
3738
3738
3721
3684
3630
3569
3487
3392
3299
3189
3076
2976
2872
2777
2704
2637
2586
2554
2532
2521
2520
2524
2531
2539
2546
2549
2547
2539
2522
2494
2455
2410
2351
2282
2211
2126
2034
1948
1849
1750
1663
1569
1481
1400
1326
1260
1202
1153
1111
1080
1054
1032
1015
1004
0997
0996
1005
1033
1083
1173
1290
1455
1630
1845
2049