1531
1530
1530
1530
1529
1530
1532
1535
1540
1547
1555
1566
1580
1595
1613
1634
1656
1681
1708
1736
1767
1799
1832
1865
1900
1936
1970
2006
2041
2076
2110
2142
2173
2201
2228
2263
2284
2303
2319
2333
2345
2355
2361
2367
2370
2372
2371
2369
2366
2361
2356
2349
2340
2331
2320
2308
2296
2282
2268
2255
2241
2226
2212
2198
2184
2170
2158
2147
2134
2119
2106
2095
2083
2070
2056
2043
2030
2018
2005
1993
1982
1971
1961
1951
1942
1933
1924
1918
1912
1907
1903
1901
1899
1898
1897
1897
1898
1898
1900
1902
1905
1907
1910
1915
1920
1925
1931
1936
1942
1947
1952
1957
1961
1965
1967
1969
1970
1971
1971
1971
1971
1969
1969
1967
1965
1963
1960
1958
1956
1952
1949
1946
1943
1938
1933
1928
1922
1916
1910
1903
1895
1888
1881
1874
1866
1859
1851
1843
1835
1827
1818
1809
1801
1792
1784
1776
1767
1760
1751
1744
1737
1731
1725
1720
1715
1710
1706
1702
1697
1693
1688
1684
1678
1675
1670
1666
1662
1659
1656
1653
1650
1647
1643
1640
1638
1635
1633
1630
1628
1627
1626
1625
1624
1625
1626
1627
1630
1636
1642
1650
1660
1672
1686
1702
1720
1739
1760
1784
1809
1836
1864
1894
1924
1956
1988
2019
2052
2083
2114
2144
2173
2201
2228
2255
2291
2313
2332
2350
2367
2381
2393
2403
2411
2417
2420
2422
2421
2418
2413
2407
2399
2391
2381
2370
2358
2347
2334
2322
2309
2296
2283
2269
2255
2242
2228
2215
2202
2188
2175
2162
2149
2136
2123
2109
2096
2083
2070
2056
2042
2029
2015
2003
1991
1978
1967
1956
1946
1936
1928
1921
1916
1909
1905
1902
1900
1899
1900
1901
1904
1906
1909
1913
1916
1921
1925
1930
1935
1940
1944
1950
1955
1959
1964
1969
1973
1978
1981
1985
1987
1989
1990
1990
1989
1987
1984
1981
1978
1973
1968
1962
1955
1948
1940
1932
1924
1916
1905
1897
1888
1879
1870
1861
1852
1844
1836
1827
1820
1811
1805
1797
1789
1782
1775
1768
1761
1754
1747
1740
1733
1726
1719
1713
1707
1702
1697
1693
1689
1685
1682
1678
1675
1673
1671
1669
1668
1665
1664
1663
1662
1660
1659
1657
1657
1656
1655
1655
1653
1653
1653
1651
1650
1650
1648
1648
1647
1646
1645
1644
1643
1642
1642
1640
1640
1639
1637
1637
1638
1638
1641
1645
1652
1661
1672
1685
1702
1722
1746
1771
1799
1828
1860
1892
1927
1961
1996
2031
2068
2103
2137
2170
2202
2233
2262
2289
2315
2349
2369
2388
2404
2417
2428
2437
2444
2449
2451
2452
2451
2449
2446
2442
2435
2428
2421
2412
2403
2394
2385
2376
2366
2356
2344
2334
2322
2310
2298
2286
2273
2260
2247
2233
2219
2204
2189
2175
2160
2145
2130
2115
2101
2087
2075
2063
2054
2044
2034
2027
2020
2015
2010
2007
2005
2004
2005
2004
2004
2005
2006
2008
2010
2013
2017
2021
2025
2029
2034
2039
2045
2049
2053
2057
2062
2064
2067
2069
2069
2071
2070
2069
2069
2069
2068
2065
2064
2061
2059
2056
2054
2049
2045
2039
2033
2028
2021
2014
2005
1998
1988
1980
1970
1961
1950
1941
1930
1920
1910
1900
1890
1880
1871
1862
1854
1847
1839
1832
1826
1820
1815
1810
1805
1800
1797
1794
1789
1786
1780
1775
1770
1765
1760
1755
1750
1745
1741
1737
1733
1730
1727
1724
1721
1719
1718
1717
1717
1715
1715
1715
1715
1716
1716
1717
1718
1720
1721
1721
1721
1722
1722
1722
1722
1722
1723
1723
1726
1729
1733
1739
1746
1756
1768
1781
1797
1815
1834
1855
1879
1903
1929
1956
1984
2014
2043
2073
2103
2133
2163